<?xml version="1.0" encoding="UTF-8"?>
<!-- Generated by org.testng.reporters.JUnitReportReporter -->
<testsuite hostname="DESKTOP-VRUBF9D" failures="0" tests="1" name="testScript.WarriorTests" time="22.309" errors="0" timestamp="2023-10-23T22:34:03 IST" skipped="0">
  <testcase classname="testScript.WarriorTests" name="fetchJacketsInfo" time="22.309"/>
</testsuite> <!-- testScript.WarriorTests -->
