<?xml version="1.0" encoding="UTF-8"?>
<!-- Generated by org.testng.reporters.JUnitReportReporter -->
<testsuite hostname="DESKTOP-VRUBF9D" failures="0" tests="1" name="tests.WarriorTests" time="15.161" errors="0" timestamp="2023-10-24T19:33:44 IST" skipped="0">
  <testcase classname="tests.WarriorTests" name="fetchJacketsInfo" time="15.161"/>
</testsuite> <!-- tests.WarriorTests -->
